Generated at 2014-04-12 00:10:43 +0000
SystemExit: package[openjdk-6-jdk] (java::openjdk line 46) had an error: SystemExit: exit
/opt/chef/embedded/lib/ruby/gems/1.9.1/gems/mixlib-shellout-1.4.0/lib/mixlib/shellout/unix.rb:268:in `select'
/opt/chef/embedded/lib/ruby/gems/1.9.1/gems/mixlib-shellout-1.4.0/lib/mixlib/shellout/unix.rb:268:in `attempt_buffer_read'
/opt/chef/embedded/lib/ruby/gems/1.9.1/gems/mixlib-shellout-1.4.0/lib/mixlib/shellout/unix.rb:74:in `run_command'
/opt/chef/embedded/lib/ruby/gems/1.9.1/gems/mixlib-shellout-1.4.0/lib/mixlib/shellout.rb:227:in `run_command'
/opt/chef/embedded/lib/ruby/gems/1.9.1/gems/chef-11.12.2/lib/chef/mixin/shell_out.rb:37:in `shell_out'
/opt/chef/embedded/lib/ruby/gems/1.9.1/gems/chef-11.12.2/lib/chef/mixin/shell_out.rb:42:in `shell_out!'
/opt/chef/embedded/lib/ruby/gems/1.9.1/gems/chef-11.12.2/lib/chef/provider/package/apt.rb:126:in `run_noninteractive'
/opt/chef/embedded/lib/ruby/gems/1.9.1/gems/chef-11.12.2/lib/chef/provider/package/apt.rb:94:in `install_package'
/opt/chef/embedded/lib/ruby/gems/1.9.1/gems/chef-11.12.2/lib/chef/provider/package.rb:82:in `block in action_install'
/opt/chef/embedded/lib/ruby/gems/1.9.1/gems/chef-11.12.2/lib/chef/mixin/why_run.rb:52:in `call'
/opt/chef/embedded/lib/ruby/gems/1.9.1/gems/chef-11.12.2/lib/chef/mixin/why_run.rb:52:in `add_action'
/opt/chef/embedded/lib/ruby/gems/1.9.1/gems/chef-11.12.2/lib/chef/provider.rb:155:in `converge_by'
/opt/chef/embedded/lib/ruby/gems/1.9.1/gems/chef-11.12.2/lib/chef/provider/package.rb:80:in `action_install'
/opt/chef/embedded/lib/ruby/gems/1.9.1/gems/chef-11.12.2/lib/chef/provider.rb:120:in `run_action'
/opt/chef/embedded/lib/ruby/gems/1.9.1/gems/chef-11.12.2/lib/chef/resource.rb:637:in `run_action'
/opt/chef/embedded/lib/ruby/gems/1.9.1/gems/chef-11.12.2/lib/chef/runner.rb:49:in `run_action'
/opt/chef/embedded/lib/ruby/gems/1.9.1/gems/chef-11.12.2/lib/chef/runner.rb:81:in `block (2 levels) in converge'
/opt/chef/embedded/lib/ruby/gems/1.9.1/gems/chef-11.12.2/lib/chef/runner.rb:81:in `each'
/opt/chef/embedded/lib/ruby/gems/1.9.1/gems/chef-11.12.2/lib/chef/runner.rb:81:in `block in converge'
/opt/chef/embedded/lib/ruby/gems/1.9.1/gems/chef-11.12.2/lib/chef/resource_collection.rb:98:in `block in execute_each_resource'
/opt/chef/embedded/lib/ruby/gems/1.9.1/gems/chef-11.12.2/lib/chef/resource_collection/stepable_iterator.rb:116:in `call'
/opt/chef/embedded/lib/ruby/gems/1.9.1/gems/chef-11.12.2/lib/chef/resource_collection/stepable_iterator.rb:116:in `call_iterator_block'
/opt/chef/embedded/lib/ruby/gems/1.9.1/gems/chef-11.12.2/lib/chef/resource_collection/stepable_iterator.rb:85:in `step'
/opt/chef/embedded/lib/ruby/gems/1.9.1/gems/chef-11.12.2/lib/chef/resource_collection/stepable_iterator.rb:104:in `iterate'
/opt/chef/embedded/lib/ruby/gems/1.9.1/gems/chef-11.12.2/lib/chef/resource_collection/stepable_iterator.rb:55:in `each_with_index'
/opt/chef/embedded/lib/ruby/gems/1.9.1/gems/chef-11.12.2/lib/chef/resource_collection.rb:96:in `execute_each_resource'
/opt/chef/embedded/lib/ruby/gems/1.9.1/gems/chef-11.12.2/lib/chef/runner.rb:80:in `converge'
/opt/chef/embedded/lib/ruby/gems/1.9.1/gems/chef-11.12.2/lib/chef/client.rb:345:in `converge'
/opt/chef/embedded/lib/ruby/gems/1.9.1/gems/chef-11.12.2/lib/chef/client.rb:431:in `do_run'
/opt/chef/embedded/lib/ruby/gems/1.9.1/gems/chef-11.12.2/lib/chef/client.rb:213:in `block in run'
/opt/chef/embedded/lib/ruby/gems/1.9.1/gems/chef-11.12.2/lib/chef/client.rb:207:in `fork'
/opt/chef/embedded/lib/ruby/gems/1.9.1/gems/chef-11.12.2/lib/chef/client.rb:207:in `run'
/opt/chef/embedded/lib/ruby/gems/1.9.1/gems/chef-11.12.2/lib/chef/application.rb:217:in `run_chef_client'
/opt/chef/embedded/lib/ruby/gems/1.9.1/gems/chef-11.12.2/lib/chef/application/solo.rb:221:in `block in run_application'
/opt/chef/embedded/lib/ruby/gems/1.9.1/gems/chef-11.12.2/lib/chef/application/solo.rb:213:in `loop'
/opt/chef/embedded/lib/ruby/gems/1.9.1/gems/chef-11.12.2/lib/chef/application/solo.rb:213:in `run_application'
/opt/chef/embedded/lib/ruby/gems/1.9.1/gems/chef-11.12.2/lib/chef/application.rb:67:in `run'
/opt/chef/embedded/lib/ruby/gems/1.9.1/gems/chef-11.12.2/bin/chef-solo:25:in `<top (required)>'
/usr/bin/chef-solo:23:in `load'
/usr/bin/chef-solo:23:in `<main>'