Generated at 2014-04-11 22:17:44 +0000
Chef::Exceptions::PrivateKeyMissing: I cannot read /etc/chef/validation.pem, which you told me to use to sign requests!
/opt/chef/embedded/lib/ruby/gems/1.9.1/gems/chef-11.12.2/lib/chef/http/authenticator.rb:78:in `rescue in load_signing_key'
/opt/chef/embedded/lib/ruby/gems/1.9.1/gems/chef-11.12.2/lib/chef/http/authenticator.rb:68:in `load_signing_key'
/opt/chef/embedded/lib/ruby/gems/1.9.1/gems/chef-11.12.2/lib/chef/http/authenticator.rb:38:in `initialize'
/opt/chef/embedded/lib/ruby/gems/1.9.1/gems/chef-11.12.2/lib/chef/rest.rb:66:in `new'
/opt/chef/embedded/lib/ruby/gems/1.9.1/gems/chef-11.12.2/lib/chef/rest.rb:66:in `initialize'
/opt/chef/embedded/lib/ruby/gems/1.9.1/gems/chef-11.12.2/lib/chef/api_client/registration.rb:125:in `new'
/opt/chef/embedded/lib/ruby/gems/1.9.1/gems/chef-11.12.2/lib/chef/api_client/registration.rb:125:in `http_api'
/opt/chef/embedded/lib/ruby/gems/1.9.1/gems/chef-11.12.2/lib/chef/api_client/registration.rb:92:in `create'
/opt/chef/embedded/lib/ruby/gems/1.9.1/gems/chef-11.12.2/lib/chef/api_client/registration.rb:83:in `create_or_update'
/opt/chef/embedded/lib/ruby/gems/1.9.1/gems/chef-11.12.2/lib/chef/api_client/registration.rb:56:in `run'
/opt/chef/embedded/lib/ruby/gems/1.9.1/gems/chef-11.12.2/lib/chef/client.rb:323:in `register'
/opt/chef/embedded/lib/ruby/gems/1.9.1/gems/chef-11.12.2/lib/chef/client.rb:416:in `do_run'
/opt/chef/embedded/lib/ruby/gems/1.9.1/gems/chef-11.12.2/lib/chef/client.rb:213:in `block in run'
/opt/chef/embedded/lib/ruby/gems/1.9.1/gems/chef-11.12.2/lib/chef/client.rb:207:in `fork'
/opt/chef/embedded/lib/ruby/gems/1.9.1/gems/chef-11.12.2/lib/chef/client.rb:207:in `run'
/opt/chef/embedded/lib/ruby/gems/1.9.1/gems/chef-11.12.2/lib/chef/application.rb:217:in `run_chef_client'
/opt/chef/embedded/lib/ruby/gems/1.9.1/gems/chef-11.12.2/lib/chef/application/client.rb:328:in `block in run_application'
/opt/chef/embedded/lib/ruby/gems/1.9.1/gems/chef-11.12.2/lib/chef/application/client.rb:317:in `loop'
/opt/chef/embedded/lib/ruby/gems/1.9.1/gems/chef-11.12.2/lib/chef/application/client.rb:317:in `run_application'
/opt/chef/embedded/lib/ruby/gems/1.9.1/gems/chef-11.12.2/lib/chef/application.rb:67:in `run'
/opt/chef/embedded/lib/ruby/gems/1.9.1/gems/chef-11.12.2/bin/chef-client:26:in `<top (required)>'
/usr/bin/chef-client:23:in `load'
/usr/bin/chef-client:23:in `<main>'